#
# A fatal error has been detected by the Java Runtime Environment:
#
#  SIGSEGV (0xb) at pc=0x00007f5a481e4047, pid=58596, tid=58597
#
# JRE version: OpenJDK Runtime Environment JBR-17.0.5+1-653.14-jcef (17.0.5+1) (build 17.0.5+1-b653.14)
# Java VM: OpenJDK 64-Bit Server VM JBR-17.0.5+1-653.14-jcef (17.0.5+1-b653.14, mixed mode, tiered, compressed oops, compressed class ptrs, g1 gc, linux-amd64)
# Problematic frame:
# C  [libnio.so+0x47]
#
# Core dump will be written. Default location: Core dumps may be processed with "/lib/systemd/systemd-coredump %P %u %g %s %t 9223372036854775808 %h" (or dumping to /home/andrew/Documents/BUT2A/SAE/Symfony/SAE/core.58596)
#
# If you would like to submit a bug report, please visit:
#   https://youtrack.jetbrains.com/issues/JBR
# The crash happened outside the Java Virtual Machine in native code.
# See problematic frame for where to report the bug.
#

---------------  S U M M A R Y ------------

Command Line: git4idea.http.GitAskPassApp Username for 'https://github.com': 

Host: 11th Gen Intel(R) Core(TM) i5-1135G7 @ 2.40GHz, 8 cores, 7G, Linux Mint 20.3 Una
Time: Thu Dec 15 14:10:53 2022 CET elapsed time: 0.135431 seconds (0d 0h 0m 0s)

---------------  T H R E A D  ---------------

Current thread (0x00007f5a70025e10):  JavaThread "main" [_thread_in_native, id=58597, stack(0x00007f5a74dee000,0x00007f5a74eef000)]

Stack: [0x00007f5a74dee000,0x00007f5a74eef000],  sp=0x00007f5a74eec0e8,  free space=1016k
Native frames: (J=compiled Java code, j=interpreted, Vv=VM code, C=native code)
C  [libnio.so+0x47]
j  sun.nio.fs.UnixNativeDispatcher.stat0(JLsun/nio/fs/UnixFileAttributes;)V+0 java.base@17.0.5
j  sun.nio.fs.UnixNativeDispatcher.stat(Lsun/nio/fs/UnixPath;Lsun/nio/fs/UnixFileAttributes;)V+10 java.base@17.0.5
j  sun.nio.fs.UnixFileAttributes.get(Lsun/nio/fs/UnixPath;Z)Lsun/nio/fs/UnixFileAttributes;+14 java.base@17.0.5
j  sun.nio.fs.UnixFileAttributeViews$Basic.readAttributes()Ljava/nio/file/attribute/BasicFileAttributes;+15 java.base@17.0.5
j  sun.nio.fs.UnixFileSystemProvider.readAttributes(Ljava/nio/file/Path;Ljava/lang/Class;[Ljava/nio/file/LinkOption;)Ljava/nio/file/attribute/BasicFileAttributes;+57 java.base@17.0.5
j  sun.nio.fs.LinuxFileSystemProvider.readAttributes(Ljava/nio/file/Path;Ljava/lang/Class;[Ljava/nio/file/LinkOption;)Ljava/nio/file/attribute/BasicFileAttributes;+31 java.base@17.0.5
j  java.nio.file.Files.readAttributes(Ljava/nio/file/Path;Ljava/lang/Class;[Ljava/nio/file/LinkOption;)Ljava/nio/file/attribute/BasicFileAttributes;+7 java.base@17.0.5
j  java.util.zip.ZipFile$Source.get(Ljava/io/File;ZLjava/util/zip/ZipCoder;)Ljava/util/zip/ZipFile$Source;+15 java.base@17.0.5
j  java.util.zip.ZipFile$CleanableResource.<init>(Ljava/util/zip/ZipFile;Ljava/util/zip/ZipCoder;Ljava/io/File;I)V+56 java.base@17.0.5
j  java.util.zip.ZipFile.<init>(Ljava/io/File;ILjava/nio/charset/Charset;)V+123 java.base@17.0.5
j  java.util.zip.ZipFile.<init>(Ljava/io/File;I)V+6 java.base@17.0.5
j  java.util.jar.JarFile.<init>(Ljava/io/File;ZILjava/lang/Runtime$Version;)V+3 java.base@17.0.5
j  jdk.internal.loader.URLClassPath$JarLoader.getJarFile(Ljava/net/URL;)Ljava/util/jar/JarFile;+56 java.base@17.0.5
j  jdk.internal.loader.URLClassPath$JarLoader$1.run()Ljava/lang/Void;+55 java.base@17.0.5
j  jdk.internal.loader.URLClassPath$JarLoader$1.run()Ljava/lang/Object;+1 java.base@17.0.5
j  java.security.AccessController.executePrivileged(Ljava/security/PrivilegedExceptionAction;Ljava/security/AccessControlContext;Ljava/lang/Class;)Ljava/lang/Object;+29 java.base@17.0.5
j  java.security.AccessController.doPrivileged(Ljava/security/PrivilegedExceptionAction;Ljava/security/AccessControlContext;)Ljava/lang/Object;+13 java.base@17.0.5
j  jdk.internal.loader.URLClassPath$JarLoader.ensureOpen()V+19 java.base@17.0.5
j  jdk.internal.loader.URLClassPath$JarLoader.<init>(Ljava/net/URL;Ljava/net/URLStreamHandler;Ljava/util/HashMap;Ljava/security/AccessControlContext;)V+63 java.base@17.0.5
j  jdk.internal.loader.URLClassPath$3.run()Ljdk/internal/loader/URLClassPath$Loader;+168 java.base@17.0.5
j  jdk.internal.loader.URLClassPath$3.run()Ljava/lang/Object;+1 java.base@17.0.5
j  java.security.AccessController.executePrivileged(Ljava/security/PrivilegedExceptionAction;Ljava/security/AccessControlContext;Ljava/lang/Class;)Ljava/lang/Object;+29 java.base@17.0.5
j  java.security.AccessController.doPrivileged(Ljava/security/PrivilegedExceptionAction;Ljava/security/AccessControlContext;)Ljava/lang/Object;+13 java.base@17.0.5
j  jdk.internal.loader.URLClassPath.getLoader(Ljava/net/URL;)Ljdk/internal/loader/URLClassPath$Loader;+13 java.base@17.0.5
j  jdk.internal.loader.URLClassPath.getLoader(I)Ljdk/internal/loader/URLClassPath$Loader;+81 java.base@17.0.5
j  jdk.internal.loader.URLClassPath.getResource(Ljava/lang/String;Z)Ljdk/internal/loader/Resource;+42 java.base@17.0.5
j  jdk.internal.loader.BuiltinClassLoader.findClassOnClassPathOrNull(Ljava/lang/String;)Ljava/lang/Class;+26 java.base@17.0.5
j  jdk.internal.loader.BuiltinClassLoader.loadClassOrNull(Ljava/lang/String;Z)Ljava/lang/Class;+111 java.base@17.0.5
j  jdk.internal.loader.BuiltinClassLoader.loadClass(Ljava/lang/String;Z)Ljava/lang/Class;+3 java.base@17.0.5
j  jdk.internal.loader.ClassLoaders$AppClassLoader.loadClass(Ljava/lang/String;Z)Ljava/lang/Class;+36 java.base@17.0.5
j  java.lang.ClassLoader.loadClass(Ljava/lang/String;)Ljava/lang/Class;+3 java.base@17.0.5
v  ~StubRoutines::call_stub
V  [libjvm.so+0x814f3a]  JavaCalls::call_helper(JavaValue*, methodHandle const&, JavaCallArguments*, JavaThread*)+0x30a
V  [libjvm.so+0x8151c9]  JavaCalls::call_virtual(JavaValue*, Klass*, Symbol*, Symbol*, JavaCallArguments*, JavaThread*)+0x179
V  [libjvm.so+0x815353]  JavaCalls::call_virtual(JavaValue*, Handle, Klass*, Symbol*, Symbol*, Handle, JavaThread*)+0xa3
V  [libjvm.so+0xe47612]  SystemDictionary::load_instance_class_impl(Symbol*, Handle, JavaThread*)+0x192
V  [libjvm.so+0xe45ea8]  SystemDictionary::load_instance_class(unsigned int, Symbol*, Handle, JavaThread*)+0x28
V  [libjvm.so+0xe4673d]  SystemDictionary::resolve_instance_class_or_null(Symbol*, Handle, Handle, JavaThread*)+0x76d
V  [libjvm.so+0xe47b60]  SystemDictionary::resolve_or_fail(Symbol*, Handle, Handle, bool, JavaThread*)+0x30
V  [libjvm.so+0x8d4cf9]  JVM_FindClassFromCaller+0xd9
C  [libjava.so+0xcd21]  Java_java_lang_Class_forName0+0xd1
j  java.lang.Class.forName0(Ljava/lang/String;ZLjava/lang/ClassLoader;Ljava/lang/Class;)Ljava/lang/Class;+0 java.base@17.0.5
j  java.lang.Class.forName(Ljava/lang/String;ZLjava/lang/ClassLoader;)Ljava/lang/Class;+43 java.base@17.0.5
j  sun.launcher.LauncherHelper.loadMainClass(ILjava/lang/String;)Ljava/lang/Class;+95 java.base@17.0.5
j  sun.launcher.LauncherHelper.checkAndLoadMain(ZILjava/lang/String;)Ljava/lang/Class;+42 java.base@17.0.5
v  ~StubRoutines::call_stub
V  [libjvm.so+0x814f3a]  JavaCalls::call_helper(JavaValue*, methodHandle const&, JavaCallArguments*, JavaThread*)+0x30a
V  [libjvm.so+0x8a3f6f]  jni_invoke_static(JNIEnv_*, JavaValue*, _jobject*, JNICallType, _jmethodID*, JNI_ArgumentPusher*, JavaThread*) [clone .isra.186] [clone .constprop.415]+0x34f
V  [libjvm.so+0x8a4a2e]  jni_CallStaticObjectMethod+0x13e
C  [libjli.so+0x3d87]  JavaMain+0x5a7
C  [libjli.so+0x7b19]  ThreadJavaMain+0x9

Java frames: (J=compiled Java code, j=interpreted, Vv=VM code)
j  sun.nio.fs.UnixNativeDispatcher.stat0(JLsun/nio/fs/UnixFileAttributes;)V+0 java.base@17.0.5
j  sun.nio.fs.UnixNativeDispatcher.stat(Lsun/nio/fs/UnixPath;Lsun/nio/fs/UnixFileAttributes;)V+10 java.base@17.0.5
j  sun.nio.fs.UnixFileAttributes.get(Lsun/nio/fs/UnixPath;Z)Lsun/nio/fs/UnixFileAttributes;+14 java.base@17.0.5
j  sun.nio.fs.UnixFileAttributeViews$Basic.readAttributes()Ljava/nio/file/attribute/BasicFileAttributes;+15 java.base@17.0.5
j  sun.nio.fs.UnixFileSystemProvider.readAttributes(Ljava/nio/file/Path;Ljava/lang/Class;[Ljava/nio/file/LinkOption;)Ljava/nio/file/attribute/BasicFileAttributes;+57 java.base@17.0.5
j  sun.nio.fs.LinuxFileSystemProvider.readAttributes(Ljava/nio/file/Path;Ljava/lang/Class;[Ljava/nio/file/LinkOption;)Ljava/nio/file/attribute/BasicFileAttributes;+31 java.base@17.0.5
j  java.nio.file.Files.readAttributes(Ljava/nio/file/Path;Ljava/lang/Class;[Ljava/nio/file/LinkOption;)Ljava/nio/file/attribute/BasicFileAttributes;+7 java.base@17.0.5
j  java.util.zip.ZipFile$Source.get(Ljava/io/File;ZLjava/util/zip/ZipCoder;)Ljava/util/zip/ZipFile$Source;+15 java.base@17.0.5
j  java.util.zip.ZipFile$CleanableResource.<init>(Ljava/util/zip/ZipFile;Ljava/util/zip/ZipCoder;Ljava/io/File;I)V+56 java.base@17.0.5
j  java.util.zip.ZipFile.<init>(Ljava/io/File;ILjava/nio/charset/Charset;)V+123 java.base@17.0.5
j  java.util.zip.ZipFile.<init>(Ljava/io/File;I)V+6 java.base@17.0.5
j  java.util.jar.JarFile.<init>(Ljava/io/File;ZILjava/lang/Runtime$Version;)V+3 java.base@17.0.5
j  jdk.internal.loader.URLClassPath$JarLoader.getJarFile(Ljava/net/URL;)Ljava/util/jar/JarFile;+56 java.base@17.0.5
j  jdk.internal.loader.URLClassPath$JarLoader$1.run()Ljava/lang/Void;+55 java.base@17.0.5
j  jdk.internal.loader.URLClassPath$JarLoader$1.run()Ljava/lang/Object;+1 java.base@17.0.5
j  java.security.AccessController.executePrivileged(Ljava/security/PrivilegedExceptionAction;Ljava/security/AccessControlContext;Ljava/lang/Class;)Ljava/lang/Object;+29 java.base@17.0.5
j  java.security.AccessController.doPrivileged(Ljava/security/PrivilegedExceptionAction;Ljava/security/AccessControlContext;)Ljava/lang/Object;+13 java.base@17.0.5
j  jdk.internal.loader.URLClassPath$JarLoader.ensureOpen()V+19 java.base@17.0.5
j  jdk.internal.loader.URLClassPath$JarLoader.<init>(Ljava/net/URL;Ljava/net/URLStreamHandler;Ljava/util/HashMap;Ljava/security/AccessControlContext;)V+63 java.base@17.0.5
j  jdk.internal.loader.URLClassPath$3.run()Ljdk/internal/loader/URLClassPath$Loader;+168 java.base@17.0.5
j  jdk.internal.loader.URLClassPath$3.run()Ljava/lang/Object;+1 java.base@17.0.5
j  java.security.AccessController.executePrivileged(Ljava/security/PrivilegedExceptionAction;Ljava/security/AccessControlContext;Ljava/lang/Class;)Ljava/lang/Object;+29 java.base@17.0.5
j  java.security.AccessController.doPrivileged(Ljava/security/PrivilegedExceptionAction;Ljava/security/AccessControlContext;)Ljava/lang/Object;+13 java.base@17.0.5
j  jdk.internal.loader.URLClassPath.getLoader(Ljava/net/URL;)Ljdk/internal/loader/URLClassPath$Loader;+13 java.base@17.0.5
j  jdk.internal.loader.URLClassPath.getLoader(I)Ljdk/internal/loader/URLClassPath$Loader;+81 java.base@17.0.5
j  jdk.internal.loader.URLClassPath.getResource(Ljava/lang/String;Z)Ljdk/internal/loader/Resource;+42 java.base@17.0.5
j  jdk.internal.loader.BuiltinClassLoader.findClassOnClassPathOrNull(Ljava/lang/String;)Ljava/lang/Class;+26 java.base@17.0.5
j  jdk.internal.loader.BuiltinClassLoader.loadClassOrNull(Ljava/lang/String;Z)Ljava/lang/Class;+111 java.base@17.0.5
j  jdk.internal.loader.BuiltinClassLoader.loadClass(Ljava/lang/String;Z)Ljava/lang/Class;+3 java.base@17.0.5
j  jdk.internal.loader.ClassLoaders$AppClassLoader.loadClass(Ljava/lang/String;Z)Ljava/lang/Class;+36 java.base@17.0.5
j  java.lang.ClassLoader.loadClass(Ljava/lang/String;)Ljava/lang/Class;+3 java.base@17.0.5
v  ~StubRoutines::call_stub
j  java.lang.Class.forName0(Ljava/lang/String;ZLjava/lang/ClassLoader;Ljava/lang/Class;)Ljava/lang/Class;+0 java.base@17.0.5
j  java.lang.Class.forName(Ljava/lang/String;ZLjava/lang/ClassLoader;)Ljava/lang/Class;+43 java.base@17.0.5
j  sun.launcher.LauncherHelper.loadMainClass(ILjava/lang/String;)Ljava/lang/Class;+95 java.base@17.0.5
j  sun.launcher.LauncherHelper.checkAndLoadMain(ZILjava/lang/String;)Ljava/lang/Class;+42 java.base@17.0.5
v  ~StubRoutines::call_stub

siginfo: si_signo: 11 (SIGSEGV), si_code: 2 (SEGV_ACCERR), si_addr: 0x00007f5a481f0b70

Register to memory mapping:

RAX=0x00007f5a481f0b70: Java_sun_nio_fs_UnixNativeDispatcher_stat0+0x0000000000000000 in /snap/intellij-idea-ultimate/398/jbr/lib/libnio.so at 0x00007f5a481e4000
RBX=0x00007f5a74eec0f0 is pointing into the stack for thread: 0x00007f5a70025e10
RCX=0x00007f5a74eec230 is pointing into the stack for thread: 0x00007f5a70025e10
RDX=0x00007f5a74eec0f0 is pointing into the stack for thread: 0x00007f5a70025e10
RSP=0x00007f5a74eec0e8 is pointing into the stack for thread: 0x00007f5a70025e10
RBP=0x00007f5a74eec1a0 is pointing into the stack for thread: 0x00007f5a70025e10
RSI=0x00007f5a7027ade0 points into unknown readable memory: 0x6e692f70616e732f | 2f 73 6e 61 70 2f 69 6e
RDI=0x0000000000000001 is an unknown value
R8 ={method} {0x00007f5a49b8ac18} 'stat0' '(JLsun/nio/fs/UnixFileAttributes;)V' in 'sun/nio/fs/UnixNativeDispatcher'
R9 =0x0000000000000005 is an unknown value
R10=0x00007f5a5d8bf4ab is at code_begin+843 in an Interpreter codelet
method entry point (kind = native)  [0x00007f5a5d8bf160, 0x00007f5a5d8bf9c0]  2144 bytes
R11=0x000000008fe0ad98 is an oop: java.lang.Class 
{0x000000008fe0ad98} - klass: 'java/lang/Class'
 - ---- fields (total size 18 words):
 - private volatile transient 'classRedefinedCount' 'I' @12  0
 - private volatile transient 'cachedConstructor' 'Ljava/lang/reflect/Constructor;' @40  NULL (0)
 - private transient 'name' 'Ljava/lang/String;' @44  NULL (0)
 - private transient 'module' 'Ljava/lang/Module;' @48  a 'java/lang/Module'{0x000000008ff57790} (8ff57790)
 - private final 'classLoader' 'Ljava/lang/ClassLoader;' @52  NULL (0)
 - private transient 'classData' 'Ljava/lang/Object;' @56  NULL (0)
 - private transient 'packageName' 'Ljava/lang/String;' @60  NULL (0)
 - private final 'componentType' 'Ljava/lang/Class;' @64  NULL (0)
 - private volatile transient 'reflectionData' 'Ljava/lang/ref/SoftReference;' @68  NULL (0)
 - private volatile transient 'genericInfo' 'Lsun/reflect/generics/repository/ClassRepository;' @72  NULL (0)
 - private volatile transient 'enumConstants' '[Ljava/lang/Object;' @76  NULL (0)
 - private volatile transient 'enumConstantDirectory' 'Ljava/util/Map;' @80  NULL (0)
 - private volatile transient 'annotationData' 'Ljava/lang/Class$AnnotationData;' @84  NULL (0)
 - private volatile transient 'annotationType' 'Lsun/reflect/annotation/AnnotationType;' @88  NULL (0)
 - transient 'classValueMap' 'Ljava/lang/ClassValue$ClassValueMap;' @92  NULL (0)
 - signature: Lsun/nio/fs/UnixNativeDispatcher;
 - fake entry for mirror: 'sun/nio/fs/UnixNativeDispatcher'
 - fake entry for array: NULL
 - fake entry for oop_size: 18
 - fake entry for static_oop_field_count: 0
 - private static final 'SUPPORTS_OPENAT' 'I' @112  2
 - private static final 'SUPPORTS_FUTIMES' 'I' @116  4
 - private static final 'SUPPORTS_FUTIMENS' 'I' @120  8
 - private static final 'SUPPORTS_LUTIMES' 'I' @124  16 (10)
 - private static final 'SUPPORTS_XATTR' 'I' @128  32 (20)
 - private static final 'SUPPORTS_BIRTHTIME' 'I' @132  65536 (10000)
 - private static final 'capabilities' 'I' @136  62 (3e)
R12=0x00007f5a7027ade0 points into unknown readable memory: 0x6e692f70616e732f | 2f 73 6e 61 70 2f 69 6e
R13=0x00007f5a700260b8 points into unknown readable memory: 0x00007f5a7652c4c0 | c0 c4 52 76 5a 7f 00 00
R14=0x00007f5a74eec230 is pointing into the stack for thread: 0x00007f5a70025e10
R15=0x00007f5a70025e10 is a thread


Registers:
RAX=0x00007f5a481f0b70, RBX=0x00007f5a74eec0f0, RCX=0x00007f5a74eec230, RDX=0x00007f5a74eec0f0
RSP=0x00007f5a74eec0e8, RBP=0x00007f5a74eec1a0, RSI=0x00007f5a7027ade0, RDI=0x0000000000000001
R8 =0x00007f5a49b8ac18, R9 =0x0000000000000005, R10=0x00007f5a5d8bf4ab, R11=0x000000008fe0ad98
R12=0x00007f5a7027ade0, R13=0x00007f5a700260b8, R14=0x00007f5a74eec230, R15=0x00007f5a70025e10
RIP=0x00007f5a481e4047, EFLAGS=0x0000000000010206, CSGSFS=0x002b000000000033, ERR=0x0000000000000007
  TRAPNO=0x000000000000000e

Top of Stack: (sp=0x00007f5a74eec0e8)
0x00007f5a74eec0e8:   00007f5a481f0bb4 0000000000000000
0x00007f5a74eec0f8:   0000000000000000 00007f5a74eec100
0x00007f5a74eec108:   0000000000000000 0000000000000000
0x00007f5a74eec118:   0000000000000000 00007f5a74eec180 

Instructions: (pc=0x00007f5a481e4047)
0x00007f5a481e3f47:   00 00 00 00 00 00 00 00 00 00 00 00 00 00 00 00
0x00007f5a481e3f57:   00 00 00 00 00 00 00 00 00 00 00 00 00 00 00 00
0x00007f5a481e3f67:   00 00 00 00 00 00 00 00 00 00 00 00 00 00 00 00
0x00007f5a481e3f77:   00 00 00 00 00 00 00 00 00 00 00 00 00 00 00 00
0x00007f5a481e3f87:   00 00 00 00 00 00 00 00 00 00 00 00 00 00 00 00
0x00007f5a481e3f97:   00 00 00 00 00 00 00 00 00 00 00 00 00 00 00 00
0x00007f5a481e3fa7:   00 00 00 00 00 00 00 00 00 00 00 00 00 00 00 00
0x00007f5a481e3fb7:   00 00 00 00 00 00 00 00 00 00 00 00 00 00 00 00
0x00007f5a481e3fc7:   00 00 00 00 00 00 00 00 00 00 00 00 00 00 00 00
0x00007f5a481e3fd7:   00 00 00 00 00 00 00 00 00 00 00 00 00 00 00 00
0x00007f5a481e3fe7:   00 00 00 00 00 00 00 00 00 00 00 00 00 00 00 00
0x00007f5a481e3ff7:   00 00 00 00 00 00 00 00 00 7f 45 4c 46 02 01 01
0x00007f5a481e4007:   00 00 00 00 00 00 00 00 00 03 00 3e 00 01 00 00
0x00007f5a481e4017:   00 b0 67 00 00 00 00 00 00 40 00 00 00 00 00 00
0x00007f5a481e4027:   00 e0 75 01 00 00 00 00 00 00 00 00 00 40 00 38
0x00007f5a481e4037:   00 07 00 40 00 1c 00 1b 00 01 00 00 00 05 00 00
0x00007f5a481e4047:   00 00 00 00 00 00 00 00 00 00 00 00 00 00 00 00
0x00007f5a481e4057:   00 00 00 00 00 00 00 00 00 2c 15 01 00 00 00 00
0x00007f5a481e4067:   00 2c 15 01 00 00 00 00 00 00 00 20 00 00 00 00
0x00007f5a481e4077:   00 01 00 00 00 06 00 00 00 80 19 01 00 00 00 00
0x00007f5a481e4087:   00 80 19 21 00 00 00 00 00 80 19 21 00 00 00 00
0x00007f5a481e4097:   00 84 06 00 00 00 00 00 00 b8 07 00 00 00 00 00
0x00007f5a481e40a7:   00 00 00 20 00 00 00 00 00 02 00 00 00 06 00 00
0x00007f5a481e40b7:   00 98 19 01 00 00 00 00 00 98 19 21 00 00 00 00
0x00007f5a481e40c7:   00 98 19 21 00 00 00 00 00 40 02 00 00 00 00 00
0x00007f5a481e40d7:   00 40 02 00 00 00 00 00 00 08 00 00 00 00 00 00
0x00007f5a481e40e7:   00 04 00 00 00 04 00 00 00 c8 01 00 00 00 00 00
0x00007f5a481e40f7:   00 c8 01 00 00 00 00 00 00 c8 01 00 00 00 00 00
0x00007f5a481e4107:   00 24 00 00 00 00 00 00 00 24 00 00 00 00 00 00
0x00007f5a481e4117:   00 04 00 00 00 00 00 00 00 50 e5 74 64 04 00 00
0x00007f5a481e4127:   00 58 ee 00 00 00 00 00 00 58 ee 00 00 00 00 00
0x00007f5a481e4137:   00 58 ee 00 00 00 00 00 00 84 06 00 00 00 00 00 


Stack slot to memory mapping:
stack at sp + 0 slots: 0x00007f5a481f0bb4: Java_sun_nio_fs_UnixNativeDispatcher_stat0+0x0000000000000044 in /snap/intellij-idea-ultimate/398/jbr/lib/libnio.so at 0x00007f5a481e4000
stack at sp + 1 slots: 0x0 is NULL
stack at sp + 2 slots: 0x0 is NULL
stack at sp + 3 slots: 0x00007f5a74eec100 is pointing into the stack for thread: 0x00007f5a70025e10
stack at sp + 4 slots: 0x0 is NULL
stack at sp + 5 slots: 0x0 is NULL
stack at sp + 6 slots: 0x0 is NULL
stack at sp + 7 slots: 0x00007f5a74eec180 is pointing into the stack for thread: 0x00007f5a70025e10


---------------  P R O C E S S  ---------------

Threads class SMR info:
_java_thread_list=0x00007f5a7026b480, length=11, elements={
0x00007f5a70025e10, 0x00007f5a70199ca0, 0x00007f5a7019b2f0, 0x00007f5a701c04b0,
0x00007f5a701c1860, 0x00007f5a701c2c70, 0x00007f5a701c42f0, 0x00007f5a701c57d0,
0x00007f5a701c6c40, 0x00007f5a7025f410, 0x00007f5a7026a580
}

Java Threads: ( => current thread )
=>0x00007f5a70025e10 JavaThread "main" [_thread_in_native, id=58597, stack(0x00007f5a74dee000,0x00007f5a74eef000)]
  0x00007f5a70199ca0 JavaThread "Reference Handler" daemon [_thread_blocked, id=58604, stack(0x00007f5a495fd000,0x00007f5a496fe000)]
  0x00007f5a7019b2f0 JavaThread "Finalizer" daemon [_thread_blocked, id=58605, stack(0x00007f5a494fc000,0x00007f5a495fd000)]
  0x00007f5a701c04b0 JavaThread "Signal Dispatcher" daemon [_thread_blocked, id=58606, stack(0x00007f5a493fb000,0x00007f5a494fc000)]
  0x00007f5a701c1860 JavaThread "Service Thread" daemon [_thread_blocked, id=58607, stack(0x00007f5a48aff000,0x00007f5a48c00000)]
  0x00007f5a701c2c70 JavaThread "Monitor Deflation Thread" daemon [_thread_blocked, id=58608, stack(0x00007f5a489fe000,0x00007f5a48aff000)]
  0x00007f5a701c42f0 JavaThread "C2 CompilerThread0" daemon [_thread_blocked, id=58609, stack(0x00007f5a488fd000,0x00007f5a489fe000)]
  0x00007f5a701c57d0 JavaThread "C1 CompilerThread0" daemon [_thread_blocked, id=58610, stack(0x00007f5a487fc000,0x00007f5a488fd000)]
  0x00007f5a701c6c40 JavaThread "Sweeper thread" daemon [_thread_blocked, id=58611, stack(0x00007f5a486fb000,0x00007f5a487fc000)]
  0x00007f5a7025f410 JavaThread "Notification Thread" daemon [_thread_blocked, id=58612, stack(0x00007f5a485fa000,0x00007f5a486fb000)]
  0x00007f5a7026a580 JavaThread "Common-Cleaner" daemon [_thread_blocked, id=58614, stack(0x00007f5a483f7000,0x00007f5a484f8000)]

Other Threads:
  0x00007f5a7014a350 VMThread "VM Thread" [stack: 0x00007f5a49700000,0x00007f5a49800000] [id=58603]
  0x00007f5a701fc530 WatcherThread [stack: 0x00007f5a484fa000,0x00007f5a485fa000] [id=58613]
  0x00007f5a7007e250 GCTaskThread "GC Thread#0" [stack: 0x00007f5a58fbd000,0x00007f5a590bd000] [id=58598]
  0x00007f5a7008e750 ConcurrentGCThread "G1 Main Marker" [stack: 0x00007f5a58ebb000,0x00007f5a58fbb000] [id=58599]
  0x00007f5a7008f6b0 ConcurrentGCThread "G1 Conc#0" [stack: 0x00007f5a58db9000,0x00007f5a58eb9000] [id=58600]
  0x00007f5a70102d40 ConcurrentGCThread "G1 Refine#0" [stack: 0x00007f5a584af000,0x00007f5a585af000] [id=58601]
  0x00007f5a70103c30 ConcurrentGCThread "G1 Service" [stack: 0x00007f5a583ad000,0x00007f5a584ad000] [id=58602]

Threads with active compile tasks:

VM state: not at safepoint (normal execution)

VM Mutex/Monitor currently owned by a thread: None

Heap address: 0x0000000088800000, size: 1912 MB, Compressed Oops mode: 32-bit

CDS archive(s) not mapped
Compressed class space mapped at: 0x0000000100000000-0x0000000140000000, reserved size: 1073741824
Narrow klass base: 0x0000000000000000, Narrow klass shift: 3, Narrow klass range: 0x140000000

GC Precious Log:
 CPUs: 8 total, 8 available
 Memory: 7644M
 Large Page Support: Disabled
 NUMA Support: Disabled
 Compressed Oops: Enabled (32-bit)
 Heap Region Size: 1M
 Heap Min Capacity: 8M
 Heap Initial Capacity: 120M
 Heap Max Capacity: 1912M
 Pre-touch: Disabled
 Parallel Workers: 8
 Concurrent Workers: 2
 Concurrent Refinement Workers: 8
 Periodic GC: Disabled

Heap:
 garbage-first heap   total 122880K, used 1024K [0x0000000088800000, 0x0000000100000000)
  region size 1024K, 2 young (2048K), 0 survivors (0K)
 Metaspace       used 4164K, committed 4224K, reserved 1056768K
  class space    used 347K, committed 384K, reserved 1048576K

Heap Regions: E=young(eden), S=young(survivor), O=old, HS=humongous(starts), HC=humongous(continues), CS=collection set, F=free, OA=open archive, CA=closed archive, TAMS=top-at-mark-start (previous, next)
|   0|0x0000000088800000, 0x0000000088800000, 0x0000000088900000|  0%| F|  |TAMS 0x0000000088800000, 0x0000000088800000| Untracked 
|   1|0x0000000088900000, 0x0000000088900000, 0x0000000088a00000|  0%| F|  |TAMS 0x0000000088900000, 0x0000000088900000| Untracked 
|   2|0x0000000088a00000, 0x0000000088a00000, 0x0000000088b00000|  0%| F|  |TAMS 0x0000000088a00000, 0x0000000088a00000| Untracked 
|   3|0x0000000088b00000, 0x0000000088b00000, 0x0000000088c00000|  0%| F|  |TAMS 0x0000000088b00000, 0x0000000088b00000| Untracked 
|   4|0x0000000088c00000, 0x0000000088c00000, 0x0000000088d00000|  0%| F|  |TAMS 0x0000000088c00000, 0x0000000088c00000| Untracked 
|   5|0x0000000088d00000, 0x0000000088d00000, 0x0000000088e00000|  0%| F|  |TAMS 0x0000000088d00000, 0x0000000088d00000| Untracked 
|   6|0x0000000088e00000, 0x0000000088e00000, 0x0000000088f00000|  0%| F|  |TAMS 0x0000000088e00000, 0x0000000088e00000| Untracked 
|   7|0x0000000088f00000, 0x0000000088f00000, 0x0000000089000000|  0%| F|  |TAMS 0x0000000088f00000, 0x0000000088f00000| Untracked 
|   8|0x0000000089000000, 0x0000000089000000, 0x0000000089100000|  0%| F|  |TAMS 0x0000000089000000, 0x0000000089000000| Untracked 
|   9|0x0000000089100000, 0x0000000089100000, 0x0000000089200000|  0%| F|  |TAMS 0x0000000089100000, 0x0000000089100000| Untracked 
|  10|0x0000000089200000, 0x0000000089200000, 0x0000000089300000|  0%| F|  |TAMS 0x0000000089200000, 0x0000000089200000| Untracked 
|  11|0x0000000089300000, 0x0000000089300000, 0x0000000089400000|  0%| F|  |TAMS 0x0000000089300000, 0x0000000089300000| Untracked 
|  12|0x0000000089400000, 0x0000000089400000, 0x0000000089500000|  0%| F|  |TAMS 0x0000000089400000, 0x0000000089400000| Untracked 
|  13|0x0000000089500000, 0x0000000089500000, 0x0000000089600000|  0%| F|  |TAMS 0x0000000089500000, 0x0000000089500000| Untracked 
|  14|0x0000000089600000, 0x0000000089600000, 0x0000000089700000|  0%| F|  |TAMS 0x0000000089600000, 0x0000000089600000| Untracked 
|  15|0x0000000089700000, 0x0000000089700000, 0x0000000089800000|  0%| F|  |TAMS 0x0000000089700000, 0x0000000089700000| Untracked 
|  16|0x0000000089800000, 0x0000000089800000, 0x0000000089900000|  0%| F|  |TAMS 0x0000000089800000, 0x0000000089800000| Untracked 
|  17|0x0000000089900000, 0x0000000089900000, 0x0000000089a00000|  0%| F|  |TAMS 0x0000000089900000, 0x0000000089900000| Untracked 
|  18|0x0000000089a00000, 0x0000000089a00000, 0x0000000089b00000|  0%| F|  |TAMS 0x0000000089a00000, 0x0000000089a00000| Untracked 
|  19|0x0000000089b00000, 0x0000000089b00000, 0x0000000089c00000|  0%| F|  |TAMS 0x0000000089b00000, 0x0000000089b00000| Untracked 
|  20|0x0000000089c00000, 0x0000000089c00000, 0x0000000089d00000|  0%| F|  |TAMS 0x0000000089c00000, 0x0000000089c00000| Untracked 
|  21|0x0000000089d00000, 0x0000000089d00000, 0x0000000089e00000|  0%| F|  |TAMS 0x0000000089d00000, 0x0000000089d00000| Untracked 
|  22|0x0000000089e00000, 0x0000000089e00000, 0x0000000089f00000|  0%| F|  |TAMS 0x0000000089e00000, 0x0000000089e00000| Untracked 
|  23|0x0000000089f00000, 0x0000000089f00000, 0x000000008a000000|  0%| F|  |TAMS 0x0000000089f00000, 0x0000000089f00000| Untracked 
|  24|0x000000008a000000, 0x000000008a000000, 0x000000008a100000|  0%| F|  |TAMS 0x000000008a000000, 0x000000008a000000| Untracked 
|  25|0x000000008a100000, 0x000000008a100000, 0x000000008a200000|  0%| F|  |TAMS 0x000000008a100000, 0x000000008a100000| Untracked 
|  26|0x000000008a200000, 0x000000008a200000, 0x000000008a300000|  0%| F|  |TAMS 0x000000008a200000, 0x000000008a200000| Untracked 
|  27|0x000000008a300000, 0x000000008a300000, 0x000000008a400000|  0%| F|  |TAMS 0x000000008a300000, 0x000000008a300000| Untracked 
|  28|0x000000008a400000, 0x000000008a400000, 0x000000008a500000|  0%| F|  |TAMS 0x000000008a400000, 0x000000008a400000| Untracked 
|  29|0x000000008a500000, 0x000000008a500000, 0x000000008a600000|  0%| F|  |TAMS 0x000000008a500000, 0x000000008a500000| Untracked 
|  30|0x000000008a600000, 0x000000008a600000, 0x000000008a700000|  0%| F|  |TAMS 0x000000008a600000, 0x000000008a600000| Untracked 
|  31|0x000000008a700000, 0x000000008a700000, 0x000000008a800000|  0%| F|  |TAMS 0x000000008a700000, 0x000000008a700000| Untracked 
|  32|0x000000008a800000, 0x000000008a800000, 0x000000008a900000|  0%| F|  |TAMS 0x000000008a800000, 0x000000008a800000| Untracked 
|  33|0x000000008a900000, 0x000000008a900000, 0x000000008aa00000|  0%| F|  |TAMS 0x000000008a900000, 0x000000008a900000| Untracked 
|  34|0x000000008aa00000, 0x000000008aa00000, 0x000000008ab00000|  0%| F|  |TAMS 0x000000008aa00000, 0x000000008aa00000| Untracked 
|  35|0x000000008ab00000, 0x000000008ab00000, 0x000000008ac00000|  0%| F|  |TAMS 0x000000008ab00000, 0x000000008ab00000| Untracked 
|  36|0x000000008ac00000, 0x000000008ac00000, 0x000000008ad00000|  0%| F|  |TAMS 0x000000008ac00000, 0x000000008ac00000| Untracked 
|  37|0x000000008ad00000, 0x000000008ad00000, 0x000000008ae00000|  0%| F|  |TAMS 0x000000008ad00000, 0x000000008ad00000| Untracked 
|  38|0x000000008ae00000, 0x000000008ae00000, 0x000000008af00000|  0%| F|  |TAMS 0x000000008ae00000, 0x000000008ae00000| Untracked 
|  39|0x000000008af00000, 0x000000008af00000, 0x000000008b000000|  0%| F|  |TAMS 0x000000008af00000, 0x000000008af00000| Untracked 
|  40|0x000000008b000000, 0x000000008b000000, 0x000000008b100000|  0%| F|  |TAMS 0x000000008b000000, 0x000000008b000000| Untracked 
|  41|0x000000008b100000, 0x000000008b100000, 0x000000008b200000|  0%| F|  |TAMS 0x000000008b100000, 0x000000008b100000| Untracked 
|  42|0x000000008b200000, 0x000000008b200000, 0x000000008b300000|  0%| F|  |TAMS 0x000000008b200000, 0x000000008b200000| Untracked 
|  43|0x000000008b300000, 0x000000008b300000, 0x000000008b400000|  0%| F|  |TAMS 0x000000008b300000, 0x000000008b300000| Untracked 
|  44|0x000000008b400000, 0x000000008b400000, 0x000000008b500000|  0%| F|  |TAMS 0x000000008b400000, 0x000000008b400000| Untracked 
|  45|0x000000008b500000, 0x000000008b500000, 0x000000008b600000|  0%| F|  |TAMS 0x000000008b500000, 0x000000008b500000| Untracked 
|  46|0x000000008b600000, 0x000000008b600000, 0x000000008b700000|  0%| F|  |TAMS 0x000000008b600000, 0x000000008b600000| Untracked 
|  47|0x000000008b700000, 0x000000008b700000, 0x000000008b800000|  0%| F|  |TAMS 0x000000008b700000, 0x000000008b700000| Untracked 
|  48|0x000000008b800000, 0x000000008b800000, 0x000000008b900000|  0%| F|  |TAMS 0x000000008b800000, 0x000000008b800000| Untracked 
|  49|0x000000008b900000, 0x000000008b900000, 0x000000008ba00000|  0%| F|  |TAMS 0x000000008b900000, 0x000000008b900000| Untracked 
|  50|0x000000008ba00000, 0x000000008ba00000, 0x000000008bb00000|  0%| F|  |TAMS 0x000000008ba00000, 0x000000008ba00000| Untracked 
|  51|0x000000008bb00000, 0x000000008bb00000, 0x000000008bc00000|  0%| F|  |TAMS 0x000000008bb00000, 0x000000008bb00000| Untracked 
|  52|0x000000008bc00000, 0x000000008bc00000, 0x000000008bd00000|  0%| F|  |TAMS 0x000000008bc00000, 0x000000008bc00000| Untracked 
|  53|0x000000008bd00000, 0x000000008bd00000, 0x000000008be00000|  0%| F|  |TAMS 0x000000008bd00000, 0x000000008bd00000| Untracked 
|  54|0x000000008be00000, 0x000000008be00000, 0x000000008bf00000|  0%| F|  |TAMS 0x000000008be00000, 0x000000008be00000| Untracked 
|  55|0x000000008bf00000, 0x000000008bf00000, 0x000000008c000000|  0%| F|  |TAMS 0x000000008bf00000, 0x000000008bf00000| Untracked 
|  56|0x000000008c000000, 0x000000008c000000, 0x000000008c100000|  0%| F|  |TAMS 0x000000008c000000, 0x000000008c000000| Untracked 
|  57|0x000000008c100000, 0x000000008c100000, 0x000000008c200000|  0%| F|  |TAMS 0x000000008c100000, 0x000000008c100000| Untracked 
|  58|0x000000008c200000, 0x000000008c200000, 0x000000008c300000|  0%| F|  |TAMS 0x000000008c200000, 0x000000008c200000| Untracked 
|  59|0x000000008c300000, 0x000000008c300000, 0x000000008c400000|  0%| F|  |TAMS 0x000000008c300000, 0x000000008c300000| Untracked 
|  60|0x000000008c400000, 0x000000008c400000, 0x000000008c500000|  0%| F|  |TAMS 0x000000008c400000, 0x000000008c400000| Untracked 
|  61|0x000000008c500000, 0x000000008c500000, 0x000000008c600000|  0%| F|  |TAMS 0x000000008c500000, 0x000000008c500000| Untracked 
|  62|0x000000008c600000, 0x000000008c600000, 0x000000008c700000|  0%| F|  |TAMS 0x000000008c600000, 0x000000008c600000| Untracked 
|  63|0x000000008c700000, 0x000000008c700000, 0x000000008c800000|  0%| F|  |TAMS 0x000000008c700000, 0x000000008c700000| Untracked 
|  64|0x000000008c800000, 0x000000008c800000, 0x000000008c900000|  0%| F|  |TAMS 0x000000008c800000, 0x000000008c800000| Untracked 
|  65|0x000000008c900000, 0x000000008c900000, 0x000000008ca00000|  0%| F|  |TAMS 0x000000008c900000, 0x000000008c900000| Untracked 
|  66|0x000000008ca00000, 0x000000008ca00000, 0x000000008cb00000|  0%| F|  |TAMS 0x000000008ca00000, 0x000000008ca00000| Untracked 
|  67|0x000000008cb00000, 0x000000008cb00000, 0x000000008cc00000|  0%| F|  |TAMS 0x000000008cb00000, 0x000000008cb00000| Untracked 
|  68|0x000000008cc00000, 0x000000008cc00000, 0x000000008cd00000|  0%| F|  |TAMS 0x000000008cc00000, 0x000000008cc00000| Untracked 
|  69|0x000000008cd00000, 0x000000008cd00000, 0x000000008ce00000|  0%| F|  |TAMS 0x000000008cd00000, 0x000000008cd00000| Untracked 
|  70|0x000000008ce00000, 0x000000008ce00000, 0x000000008cf00000|  0%| F|  |TAMS 0x000000008ce00000, 0x000000008ce00000| Untracked 
|  71|0x000000008cf00000, 0x000000008cf00000, 0x000000008d000000|  0%| F|  |TAMS 0x000000008cf00000, 0x000000008cf00000| Untracked 
|  72|0x000000008d000000, 0x000000008d000000, 0x000000008d100000|  0%| F|  |TAMS 0x000000008d000000, 0x000000008d000000| Untracked 
|  73|0x000000008d100000, 0x000000008d100000, 0x000000008d200000|  0%| F|  |TAMS 0x000000008d100000, 0x000000008d100000| Untracked 
|  74|0x000000008d200000, 0x000000008d200000, 0x000000008d300000|  0%| F|  |TAMS 0x000000008d200000, 0x000000008d200000| Untracked 
|  75|0x000000008d300000, 0x000000008d300000, 0x000000008d400000|  0%| F|  |TAMS 0x000000008d300000, 0x000000008d300000| Untracked 
|  76|0x000000008d400000, 0x000000008d400000, 0x000000008d500000|  0%| F|  |TAMS 0x000000008d400000, 0x000000008d400000| Untracked 
|  77|0x000000008d500000, 0x000000008d500000, 0x000000008d600000|  0%| F|  |TAMS 0x000000008d500000, 0x000000008d500000| Untracked 
|  78|0x000000008d600000, 0x000000008d600000, 0x000000008d700000|  0%| F|  |TAMS 0x000000008d600000, 0x000000008d600000| Untracked 
|  79|0x000000008d700000, 0x000000008d700000, 0x000000008d800000|  0%| F|  |TAMS 0x000000008d700000, 0x000000008d700000| Untracked 
|  80|0x000000008d800000, 0x000000008d800000, 0x000000008d900000|  0%| F|  |TAMS 0x000000008d800000, 0x000000008d800000| Untracked 
|  81|0x000000008d900000, 0x000000008d900000, 0x000000008da00000|  0%| F|  |TAMS 0x000000008d900000, 0x000000008d900000| Untracked 
|  82|0x000000008da00000, 0x000000008da00000, 0x000000008db00000|  0%| F|  |TAMS 0x000000008da00000, 0x000000008da00000| Untracked 
|  83|0x000000008db00000, 0x000000008db00000, 0x000000008dc00000|  0%| F|  |TAMS 0x000000008db00000, 0x000000008db00000| Untracked 
|  84|0x000000008dc00000, 0x000000008dc00000, 0x000000008dd00000|  0%| F|  |TAMS 0x000000008dc00000, 0x000000008dc00000| Untracked 
|  85|0x000000008dd00000, 0x000000008dd00000, 0x000000008de00000|  0%| F|  |TAMS 0x000000008dd00000, 0x000000008dd00000| Untracked 
|  86|0x000000008de00000, 0x000000008de00000, 0x000000008df00000|  0%| F|  |TAMS 0x000000008de00000, 0x000000008de00000| Untracked 
|  87|0x000000008df00000, 0x000000008df00000, 0x000000008e000000|  0%| F|  |TAMS 0x000000008df00000, 0x000000008df00000| Untracked 
|  88|0x000000008e000000, 0x000000008e000000, 0x000000008e100000|  0%| F|  |TAMS 0x000000008e000000, 0x000000008e000000| Untracked 
|  89|0x000000008e100000, 0x000000008e100000, 0x000000008e200000|  0%| F|  |TAMS 0x000000008e100000, 0x000000008e100000| Untracked 
|  90|0x000000008e200000, 0x000000008e200000, 0x000000008e300000|  0%| F|  |TAMS 0x000000008e200000, 0x000000008e200000| Untracked 
|  91|0x000000008e300000, 0x000000008e300000, 0x000000008e400000|  0%| F|  |TAMS 0x000000008e300000, 0x000000008e300000| Untracked 
|  92|0x000000008e400000, 0x000000008e400000, 0x000000008e500000|  0%| F|  |TAMS 0x000000008e400000, 0x000000008e400000| Untracked 
|  93|0x000000008e500000, 0x000000008e500000, 0x000000008e600000|  0%| F|  |TAMS 0x000000008e500000, 0x000000008e500000| Untracked 
|  94|0x000000008e600000, 0x000000008e600000, 0x000000008e700000|  0%| F|  |TAMS 0x000000008e600000, 0x000000008e600000| Untracked 
|  95|0x000000008e700000, 0x000000008e700000, 0x000000008e800000|  0%| F|  |TAMS 0x000000008e700000, 0x000000008e700000| Untracked 
|  96|0x000000008e800000, 0x000000008e800000, 0x000000008e900000|  0%| F|  |TAMS 0x000000008e800000, 0x000000008e800000| Untracked 
|  97|0x000000008e900000, 0x000000008e900000, 0x000000008ea00000|  0%| F|  |TAMS 0x000000008e900000, 0x000000008e900000| Untracked 
|  98|0x000000008ea00000, 0x000000008ea00000, 0x000000008eb00000|  0%| F|  |TAMS 0x000000008ea00000, 0x000000008ea00000| Untracked 
|  99|0x000000008eb00000, 0x000000008eb00000, 0x000000008ec00000|  0%| F|  |TAMS 0x000000008eb00000, 0x000000008eb00000| Untracked 
| 100|0x000000008ec00000, 0x000000008ec00000, 0x000000008ed00000|  0%| F|  |TAMS 0x000000008ec00000, 0x000000008ec00000| Untracked 
| 101|0x000000008ed00000, 0x000000008ed00000, 0x000000008ee00000|  0%| F|  |TAMS 0x000000008ed00000, 0x000000008ed00000| Untracked 
| 102|0x000000008ee00000, 0x000000008ee00000, 0x000000008ef00000|  0%| F|  |TAMS 0x000000008ee00000, 0x000000008ee00000| Untracked 
| 103|0x000000008ef00000, 0x000000008ef00000, 0x000000008f000000|  0%| F|  |TAMS 0x000000008ef00000, 0x000000008ef00000| Untracked 
| 104|0x000000008f000000, 0x000000008f000000, 0x000000008f100000|  0%| F|  |TAMS 0x000000008f000000, 0x000000008f000000| Untracked 
| 105|0x000000008f100000, 0x000000008f100000, 0x000000008f200000|  0%| F|  |TAMS 0x000000008f100000, 0x000000008f100000| Untracked 
| 106|0x000000008f200000, 0x000000008f200000, 0x000000008f300000|  0%| F|  |TAMS 0x000000008f200000, 0x000000008f200000| Untracked 
| 107|0x000000008f300000, 0x000000008f300000, 0x000000008f400000|  0%| F|  |TAMS 0x000000008f300000, 0x000000008f300000| Untracked 
| 108|0x000000008f400000, 0x000000008f400000, 0x000000008f500000|  0%| F|  |TAMS 0x000000008f400000, 0x000000008f400000| Untracked 
| 109|0x000000008f500000, 0x000000008f500000, 0x000000008f600000|  0%| F|  |TAMS 0x000000008f500000, 0x000000008f500000| Untracked 
| 110|0x000000008f600000, 0x000000008f600000, 0x000000008f700000|  0%| F|  |TAMS 0x000000008f600000, 0x000000008f600000| Untracked 
| 111|0x000000008f700000, 0x000000008f700000, 0x000000008f800000|  0%| F|  |TAMS 0x000000008f700000, 0x000000008f700000| Untracked 
| 112|0x000000008f800000, 0x000000008f800000, 0x000000008f900000|  0%| F|  |TAMS 0x000000008f800000, 0x000000008f800000| Untracked 
| 113|0x000000008f900000, 0x000000008f900000, 0x000000008fa00000|  0%| F|  |TAMS 0x000000008f900000, 0x000000008f900000| Untracked 
| 114|0x000000008fa00000, 0x000000008fa00000, 0x000000008fb00000|  0%| F|  |TAMS 0x000000008fa00000, 0x000000008fa00000| Untracked 
| 115|0x000000008fb00000, 0x000000008fb00000, 0x000000008fc00000|  0%| F|  |TAMS 0x000000008fb00000, 0x000000008fb00000| Untracked 
| 116|0x000000008fc00000, 0x000000008fc00000, 0x000000008fd00000|  0%| F|  |TAMS 0x000000008fc00000, 0x000000008fc00000| Untracked 
| 117|0x000000008fd00000, 0x000000008fd00000, 0x000000008fe00000|  0%| F|  |TAMS 0x000000008fd00000, 0x000000008fd00000| Untracked 
| 118|0x000000008fe00000, 0x000000008fe76448, 0x000000008ff00000| 46%| E|  |TAMS 0x000000008fe00000, 0x000000008fe00000| Complete 
| 119|0x000000008ff00000, 0x0000000090000000, 0x0000000090000000|100%| E|CS|TAMS 0x000000008ff00000, 0x000000008ff00000| Complete 

Card table byte_map: [0x00007f5a5d039000,0x00007f5a5d3f5000] _byte_map_base: 0x00007f5a5cbf5000

Marking Bits (Prev, Next): (CMBitMap*) 0x00007f5a7007ecd0, (CMBitMap*) 0x00007f5a7007ed10
 Prev Bits: [0x00007f5a5ae9d000, 0x00007f5a5cc7d000)
 Next Bits: [0x00007f5a590bd000, 0x00007f5a5ae9d000)

Polling page: 0x00007f5a76a1e000

Metaspace:

Usage:
  Non-class:      3.73 MB used.
      Class:    347.84 KB used.
       Both:      4.07 MB used.

Virtual space:
  Non-class space:        8.00 MB reserved,       3.75 MB ( 47%) committed,  1 nodes.
      Class space:        1.00 GB reserved,     384.00 KB ( <1%) committed,  1 nodes.
             Both:        1.01 GB reserved,       4.12 MB ( <1%) committed. 

Chunk freelists:
   Non-Class:  0 bytes
       Class:  3.62 MB
        Both:  3.62 MB

MaxMetaspaceSize: unlimited
CompressedClassSpaceSize: 1.00 GB
Initial GC threshold: 21.00 MB
Current GC threshold: 21.00 MB
CDS: off
MetaspaceReclaimPolicy: balanced
 - commit_granule_bytes: 65536.
 - commit_granule_words: 8192.
 - virtual_space_node_default_size: 1048576.
 - enlarge_chunks_in_place: 1.
 - new_chunks_are_fully_committed: 0.
 - uncommit_free_chunks: 1.
 - use_allocation_guard: 0.
 - handle_deallocations: 1.


Internal statistics:

num_allocs_failed_limit: 0.
num_arena_births: 2.
num_arena_deaths: 0.
num_vsnodes_births: 2.
num_vsnodes_deaths: 0.
num_space_committed: 66.
num_space_uncommitted: 0.
num_chunks_returned_to_freelist: 0.
num_chunks_taken_from_freelist: 4.
num_chunk_merges: 0.
num_chunk_splits: 1.
num_chunks_enlarged: 0.
num_purges: 0.
num_inconsistent_stats: 0.

CodeHeap 'non-profiled nmethods': size=120028Kb used=12Kb max_used=12Kb free=120015Kb
 bounds [0x00007f5a6537b000, 0x00007f5a655eb000, 0x00007f5a6c8b2000]
CodeHeap 'profiled nmethods': size=120028Kb used=76Kb max_used=76Kb free=119951Kb
 bounds [0x00007f5a5de44000, 0x00007f5a5e0b4000, 0x00007f5a6537b000]
CodeHeap 'non-nmethods': size=5704Kb used=1045Kb max_used=1045Kb free=4658Kb
 bounds [0x00007f5a5d8b2000, 0x00007f5a5db22000, 0x00007f5a5de44000]
 total_blobs=354 nmethods=60 adapters=208
 compilation: enabled
              stopped_count=0, restarted_count=0
 full_count=0

Compilation events (20 events):
Event: 0.119 Thread 0x00007f5a701c57d0   53       3       java.util.HashMap::getNode (150 bytes)
Event: 0.120 Thread 0x00007f5a701c57d0 nmethod 53 0x00007f5a5de54e10 code [0x00007f5a5de55060, 0x00007f5a5de55bf0]
Event: 0.120 Thread 0x00007f5a701c57d0   49       3       java.util.HashMap::afterNodeInsertion (1 bytes)
Event: 0.120 Thread 0x00007f5a701c57d0 nmethod 49 0x00007f5a5de55f10 code [0x00007f5a5de560a0, 0x00007f5a5de561b0]
Event: 0.120 Thread 0x00007f5a701c57d0   46       3       java.util.HashMap::get (19 bytes)
Event: 0.120 Thread 0x00007f5a701c57d0 nmethod 46 0x00007f5a5de56210 code [0x00007f5a5de563c0, 0x00007f5a5de56580]
Event: 0.120 Thread 0x00007f5a701c57d0   50       1       java.lang.module.ModuleDescriptor$Exports::source (5 bytes)
Event: 0.120 Thread 0x00007f5a701c57d0 nmethod 50 0x00007f5a6537cf10 code [0x00007f5a6537d0a0, 0x00007f5a6537d170]
Event: 0.120 Thread 0x00007f5a701c57d0   51       1       java.lang.module.ResolvedModule::reference (5 bytes)
Event: 0.120 Thread 0x00007f5a701c57d0 nmethod 51 0x00007f5a6537d210 code [0x00007f5a6537d3a0, 0x00007f5a6537d470]
Event: 0.120 Thread 0x00007f5a701c57d0   54       1       java.lang.module.ModuleDescriptor::isAutomatic (5 bytes)
Event: 0.120 Thread 0x00007f5a701c57d0 nmethod 54 0x00007f5a6537d510 code [0x00007f5a6537d6a0, 0x00007f5a6537d770]
Event: 0.120 Thread 0x00007f5a701c57d0   56       1       java.lang.module.ModuleDescriptor$Exports::targets (5 bytes)
Event: 0.120 Thread 0x00007f5a701c57d0 nmethod 56 0x00007f5a6537d810 code [0x00007f5a6537d9a0, 0x00007f5a6537da70]
Event: 0.120 Thread 0x00007f5a701c57d0   57       3       java.util.ImmutableCollections$Set12::iterator (9 bytes)
Event: 0.120 Thread 0x00007f5a701c57d0 nmethod 57 0x00007f5a5de56690 code [0x00007f5a5de56840, 0x00007f5a5de56b10]
Event: 0.120 Thread 0x00007f5a701c57d0   58       3       java.util.ImmutableCollections$Set12$1::<init> (32 bytes)
Event: 0.120 Thread 0x00007f5a701c57d0 nmethod 58 0x00007f5a5de56c10 code [0x00007f5a5de56dc0, 0x00007f5a5de56ff0]
Event: 0.120 Thread 0x00007f5a701c57d0   59       1       java.util.ImmutableCollections$Set12::isEmpty (2 bytes)
Event: 0.120 Thread 0x00007f5a701c57d0 nmethod 59 0x00007f5a6537db10 code [0x00007f5a6537dca0, 0x00007f5a6537dd70]

GC Heap History (0 events):
No events

Dll operation events (2 events):
Event: 0.018 Loaded shared library /snap/intellij-idea-ultimate/398/jbr/lib/libjava.so
Event: 0.132 Loaded shared library /snap/intellij-idea-ultimate/398/jbr/lib/libnio.so

Deoptimization events (0 events):
No events

Classes unloaded (0 events):
No events

Classes redefined (0 events):
No events

Internal exceptions (0 events):
No events

VM Operations (0 events):
No events

Events (20 events):
Event: 0.134 loading class sun/nio/fs/NativeBuffers
Event: 0.134 loading class sun/nio/fs/NativeBuffers done
Event: 0.134 loading class sun/nio/fs/NativeBuffers$1
Event: 0.134 loading class jdk/internal/misc/TerminatingThreadLocal
Event: 0.134 loading class jdk/internal/misc/TerminatingThreadLocal done
Event: 0.134 loading class sun/nio/fs/NativeBuffers$1 done
Event: 0.134 loading class jdk/internal/misc/TerminatingThreadLocal$1
Event: 0.134 loading class jdk/internal/misc/TerminatingThreadLocal$1 done
Event: 0.134 loading class java/lang/ThreadLocal$ThreadLocalMap
Event: 0.134 loading class java/lang/ThreadLocal$ThreadLocalMap done
Event: 0.134 loading class java/lang/ThreadLocal$ThreadLocalMap$Entry
Event: 0.134 loading class java/lang/ThreadLocal$ThreadLocalMap$Entry done
Event: 0.134 loading class java/util/IdentityHashMap
Event: 0.135 loading class java/util/IdentityHashMap done
Event: 0.135 loading class java/util/IdentityHashMap$KeySet
Event: 0.135 loading class java/util/IdentityHashMap$KeySet done
Event: 0.135 loading class sun/nio/fs/NativeBuffer
Event: 0.135 loading class sun/nio/fs/NativeBuffer done
Event: 0.135 loading class sun/nio/fs/NativeBuffer$Deallocator
Event: 0.135 loading class sun/nio/fs/NativeBuffer$Deallocator done


Dynamic libraries:
88800000-90000000 rw-p 00000000 00:00 0 
90000000-100020000 ---p 00000000 00:00 0 
100020000-100040000 rw-p 00000000 00:00 0 
100040000-100080000 rw-p 00000000 00:00 0 
100080000-140000000 ---p 00000000 00:00 0 
55883d600000-55883d601000 r-xp 00000000 07:08 35                         /snap/intellij-idea-ultimate/398/jbr/bin/java
55883d801000-55883d802000 r--p 00001000 07:08 35                         /snap/intellij-idea-ultimate/398/jbr/bin/java
55883d802000-55883d803000 rw-p 00002000 07:08 35                         /snap/intellij-idea-ultimate/398/jbr/bin/java
55883dd8b000-55883ddd3000 rw-p 00000000 00:00 0                          [heap]
7f5a0c000000-7f5a0c021000 rw-p 00000000 00:00 0 
7f5a0c021000-7f5a10000000 ---p 00000000 00:00 0 
7f5a13b4b000-7f5a13dea000 rw-p 00000000 00:00 0 
7f5a13dea000-7f5a13dfe000 r-xp 00000000 07:08 427                        /snap/intellij-idea-ultimate/398/jbr/lib/libnet.so
7f5a13dfe000-7f5a13ffe000 ---p 00014000 07:08 427                        /snap/intellij-idea-ultimate/398/jbr/lib/libnet.so
7f5a13ffe000-7f5a13fff000 r--p 00014000 07:08 427                        /snap/intellij-idea-ultimate/398/jbr/lib/libnet.so
7f5a13fff000-7f5a14000000 rw-p 00015000 07:08 427                        /snap/intellij-idea-ultimate/398/jbr/lib/libnet.so
7f5a14000000-7f5a14021000 rw-p 00000000 00:00 0 
7f5a14021000-7f5a18000000 ---p 00000000 00:00 0 
7f5a18000000-7f5a18021000 rw-p 00000000 00:00 0 
7f5a18021000-7f5a1c000000 ---p 00000000 00:00 0 
7f5a1c000000-7f5a1c04e000 rw-p 00000000 00:00 0 
7f5a1c04e000-7f5a20000000 ---p 00000000 00:00 0 
7f5a20000000-7f5a20021000 rw-p 00000000 00:00 0 
7f5a20021000-7f5a24000000 ---p 00000000 00:00 0 
7f5a24000000-7f5a24021000 rw-p 00000000 00:00 0 
7f5a24021000-7f5a28000000 ---p 00000000 00:00 0 
7f5a28000000-7f5a28076000 rw-p 00000000 00:00 0 
7f5a28076000-7f5a2c000000 ---p 00000000 00:00 0 
7f5a2c000000-7f5a2c021000 rw-p 00000000 00:00 0 
7f5a2c021000-7f5a30000000 ---p 00000000 00:00 0 
7f5a30000000-7f5a30021000 rw-p 00000000 00:00 0 
7f5a30021000-7f5a34000000 ---p 00000000 00:00 0 
7f5a34000000-7f5a34021000 rw-p 00000000 00:00 0 
7f5a34021000-7f5a38000000 ---p 00000000 00:00 0 
7f5a38000000-7f5a38021000 rw-p 00000000 00:00 0 
7f5a38021000-7f5a3c000000 ---p 00000000 00:00 0 
7f5a3c000000-7f5a3c021000 rw-p 00000000 00:00 0 
7f5a3c021000-7f5a40000000 ---p 00000000 00:00 0 
7f5a40000000-7f5a40021000 rw-p 00000000 00:00 0 
7f5a40021000-7f5a44000000 ---p 00000000 00:00 0 
7f5a44000000-7f5a44021000 rw-p 00000000 00:00 0 
7f5a44021000-7f5a48000000 ---p 00000000 00:00 0 
7f5a4808b000-7f5a481e4000 rw-p 00000000 00:00 0 
7f5a481e4000-7f5a481f6000 r-xp 00000000 07:08 430                        /snap/intellij-idea-ultimate/398/jbr/lib/libnio.so
7f5a481f6000-7f5a483f5000 ---p 00012000 07:08 430                        /snap/intellij-idea-ultimate/398/jbr/lib/libnio.so
7f5a483f5000-7f5a483f6000 r--p 00011000 07:08 430                        /snap/intellij-idea-ultimate/398/jbr/lib/libnio.so
7f5a483f6000-7f5a483f7000 rw-p 00012000 07:08 430                        /snap/intellij-idea-ultimate/398/jbr/lib/libnio.so
7f5a483f7000-7f5a483fb000 ---p 00000000 00:00 0 
7f5a483fb000-7f5a484f8000 rw-p 00000000 00:00 0 
7f5a484f8000-7f5a484f9000 ---p 00000000 00:00 0 
7f5a484f9000-7f5a485fa000 rw-p 00000000 00:00 0 
7f5a485fa000-7f5a485fe000 ---p 00000000 00:00 0 
7f5a485fe000-7f5a486fb000 rw-p 00000000 00:00 0 
7f5a486fb000-7f5a486ff000 ---p 00000000 00:00 0 
7f5a486ff000-7f5a487fc000 rw-p 00000000 00:00 0 
7f5a487fc000-7f5a48800000 ---p 00000000 00:00 0 
7f5a48800000-7f5a488fd000 rw-p 00000000 00:00 0 
7f5a488fd000-7f5a48901000 ---p 00000000 00:00 0 
7f5a48901000-7f5a489fe000 rw-p 00000000 00:00 0 
7f5a489fe000-7f5a48a02000 ---p 00000000 00:00 0 
7f5a48a02000-7f5a48aff000 rw-p 00000000 00:00 0 
7f5a48aff000-7f5a48b03000 ---p 00000000 00:00 0 
7f5a48b03000-7f5a48c00000 rw-p 00000000 00:00 0 
7f5a48c00000-7f5a493ed000 r--p 00000000 103:04 525683                    /usr/lib/locale/locale-archive
7f5a493fb000-7f5a493ff000 ---p 00000000 00:00 0 
7f5a493ff000-7f5a494fc000 rw-p 00000000 00:00 0 
7f5a494fc000-7f5a49500000 ---p 00000000 00:00 0 
7f5a49500000-7f5a495fd000 rw-p 00000000 00:00 0 
7f5a495fd000-7f5a49601000 ---p 00000000 00:00 0 
7f5a49601000-7f5a496fe000 rw-p 00000000 00:00 0 
7f5a496fe000-7f5a496ff000 ---p 00000000 00:00 0 
7f5a496ff000-7f5a49bc0000 rw-p 00000000 00:00 0 
7f5a49bc0000-7f5a4a000000 ---p 00000000 00:00 0 
7f5a4a000000-7f5a4c000000 rw-p 00000000 00:00 0 
7f5a4c000000-7f5a4c021000 rw-p 00000000 00:00 0 
7f5a4c021000-7f5a50000000 ---p 00000000 00:00 0 
7f5a50000000-7f5a50021000 rw-p 00000000 00:00 0 
7f5a50021000-7f5a54000000 ---p 00000000 00:00 0 
7f5a54000000-7f5a54021000 rw-p 00000000 00:00 0 
7f5a54021000-7f5a58000000 ---p 00000000 00:00 0 
7f5a5808f000-7f5a58096000 r--s 00000000 103:04 1185877                   /usr/lib/x86_64-linux-gnu/gconv/gconv-modules.cache
7f5a58096000-7f5a580c7000 rw-p 00000000 00:00 0 
7f5a580c7000-7f5a580ce000 r-xp 00000000 07:08 439                        /snap/intellij-idea-ultimate/398/jbr/lib/libzip.so
7f5a580ce000-7f5a582cd000 ---p 00007000 07:08 439                        /snap/intellij-idea-ultimate/398/jbr/lib/libzip.so
7f5a582cd000-7f5a582ce000 r--p 00006000 07:08 439                        /snap/intellij-idea-ultimate/398/jbr/lib/libzip.so
7f5a582ce000-7f5a583ab000 rw-p 00000000 00:00 0 
7f5a583ab000-7f5a583ac000 ---p 00000000 00:00 0 
7f5a583ac000-7f5a584ad000 rw-p 00000000 00:00 0 
7f5a584ad000-7f5a584ae000 ---p 00000000 00:00 0 
7f5a584ae000-7f5a58db7000 rw-p 00000000 00:00 0 
7f5a58db7000-7f5a58db8000 ---p 00000000 00:00 0 
7f5a58db8000-7f5a58eb9000 rw-p 00000000 00:00 0 
7f5a58eb9000-7f5a58eba000 ---p 00000000 00:00 0 
7f5a58eba000-7f5a58fbb000 rw-p 00000000 00:00 0 
7f5a58fbb000-7f5a58fbc000 ---p 00000000 00:00 0 
7f5a58fbc000-7f5a5929d000 rw-p 00000000 00:00 0 
7f5a5929d000-7f5a5ae9d000 ---p 00000000 00:00 0 
7f5a5ae9d000-7f5a5b07d000 rw-p 00000000 00:00 0 
7f5a5b07d000-7f5a5cc7d000 ---p 00000000 00:00 0 
7f5a5cc7d000-7f5a5ccb9000 rw-p 00000000 00:00 0 
7f5a5ccb9000-7f5a5d039000 ---p 00000000 00:00 0 
7f5a5d039000-7f5a5d075000 rw-p 00000000 00:00 0 
7f5a5d075000-7f5a5d3f5000 ---p 00000000 00:00 0 
7f5a5d3f5000-7f5a5d431000 rw-p 00000000 00:00 0 
7f5a5d431000-7f5a5d7b1000 ---p 00000000 00:00 0 
7f5a5d7b1000-7f5a5d8b2000 rw-p 00000000 00:00 0 
7f5a5d8b2000-7f5a5db22000 rwxp 00000000 00:00 0 
7f5a5db22000-7f5a5de44000 ---p 00000000 00:00 0 
7f5a5de44000-7f5a5e0b4000 rwxp 00000000 00:00 0 
7f5a5e0b4000-7f5a6537b000 ---p 00000000 00:00 0 
7f5a6537b000-7f5a655eb000 rwxp 00000000 00:00 0 
7f5a655eb000-7f5a6c8b2000 ---p 00000000 00:00 0 
7f5a6c8b2000-7f5a70000000 r--s 00000000 07:08 496                        /snap/intellij-idea-ultimate/398/jbr/lib/modules
7f5a70000000-7f5a70291000 rw-p 00000000 00:00 0 
7f5a70291000-7f5a74000000 ---p 00000000 00:00 0 
7f5a74005000-7f5a747ce000 rw-p 00000000 00:00 0 
7f5a747ce000-7f5a748b4000 ---p 00000000 00:00 0 
7f5a748b4000-7f5a748b9000 rw-p 00000000 00:00 0 
7f5a748b9000-7f5a7499f000 ---p 00000000 00:00 0 
7f5a7499f000-7f5a749a4000 rw-p 00000000 00:00 0 
7f5a749a4000-7f5a749ab000 ---p 00000000 00:00 0 
7f5a749ab000-7f5a749ce000 r-xp 00000000 07:08 408                        /snap/intellij-idea-ultimate/398/jbr/lib/libjava.so
7f5a749ce000-7f5a74bce000 ---p 00023000 07:08 408                        /snap/intellij-idea-ultimate/398/jbr/lib/libjava.so
7f5a74bce000-7f5a74bcf000 r--p 00023000 07:08 408                        /snap/intellij-idea-ultimate/398/jbr/lib/libjava.so
7f5a74bcf000-7f5a74bd0000 rw-p 00024000 07:08 408                        /snap/intellij-idea-ultimate/398/jbr/lib/libjava.so
7f5a74bd0000-7f5a74bd1000 rw-p 00000000 00:00 0 
7f5a74bd1000-7f5a74bec000 r-xp 00000000 07:08 413                        /snap/intellij-idea-ultimate/398/jbr/lib/libjimage.so
7f5a74bec000-7f5a74deb000 ---p 0001b000 07:08 413                        /snap/intellij-idea-ultimate/398/jbr/lib/libjimage.so
7f5a74deb000-7f5a74ded000 r--p 0001a000 07:08 413                        /snap/intellij-idea-ultimate/398/jbr/lib/libjimage.so
7f5a74ded000-7f5a74dee000 rw-p 0001c000 07:08 413                        /snap/intellij-idea-ultimate/398/jbr/lib/libjimage.so
7f5a74dee000-7f5a74df2000 ---p 00000000 00:00 0 
7f5a74df2000-7f5a74eef000 rw-p 00000000 00:00 0 
7f5a74eef000-7f5a74efc000 r--p 00000000 103:04 528295                    /usr/lib/x86_64-linux-gnu/libm-2.31.so
7f5a74efc000-7f5a74fa3000 r-xp 0000d000 103:04 528295                    /usr/lib/x86_64-linux-gnu/libm-2.31.so
7f5a74fa3000-7f5a7503c000 r--p 000b4000 103:04 528295                    /usr/lib/x86_64-linux-gnu/libm-2.31.so
7f5a7503c000-7f5a7503d000 r--p 0014c000 103:04 528295                    /usr/lib/x86_64-linux-gnu/libm-2.31.so
7f5a7503d000-7f5a7503e000 rw-p 0014d000 103:04 528295                    /usr/lib/x86_64-linux-gnu/libm-2.31.so
7f5a7503e000-7f5a75040000 r--p 00000000 103:04 528308                    /usr/lib/x86_64-linux-gnu/librt-2.31.so
7f5a75040000-7f5a75044000 r-xp 00002000 103:04 528308                    /usr/lib/x86_64-linux-gnu/librt-2.31.so
7f5a75044000-7f5a75046000 r--p 00006000 103:04 528308                    /usr/lib/x86_64-linux-gnu/librt-2.31.so
7f5a75046000-7f5a75047000 r--p 00007000 103:04 528308                    /usr/lib/x86_64-linux-gnu/librt-2.31.so
7f5a75047000-7f5a75048000 rw-p 00008000 103:04 528308                    /usr/lib/x86_64-linux-gnu/librt-2.31.so
7f5a75048000-7f5a7626d000 r-xp 00000000 07:08 507                        /snap/intellij-idea-ultimate/398/jbr/lib/server/libjvm.so
7f5a7626d000-7f5a7646d000 ---p 01225000 07:08 507                        /snap/intellij-idea-ultimate/398/jbr/lib/server/libjvm.so
7f5a7646d000-7f5a76526000 r--p 01225000 07:08 507                        /snap/intellij-idea-ultimate/398/jbr/lib/server/libjvm.so
7f5a76526000-7f5a7655b000 rw-p 012de000 07:08 507                        /snap/intellij-idea-ultimate/398/jbr/lib/server/libjvm.so
7f5a7655b000-7f5a765b7000 rw-p 00000000 00:00 0 
7f5a765b7000-7f5a765d9000 r--p 00000000 103:04 528293                    /usr/lib/x86_64-linux-gnu/libc-2.31.so
7f5a765d9000-7f5a76751000 r-xp 00022000 103:04 528293                    /usr/lib/x86_64-linux-gnu/libc-2.31.so
7f5a76751000-7f5a7679f000 r--p 0019a000 103:04 528293                    /usr/lib/x86_64-linux-gnu/libc-2.31.so
7f5a7679f000-7f5a767a3000 r--p 001e7000 103:04 528293                    /usr/lib/x86_64-linux-gnu/libc-2.31.so
7f5a767a3000-7f5a767a5000 rw-p 001eb000 103:04 528293                    /usr/lib/x86_64-linux-gnu/libc-2.31.so
7f5a767a5000-7f5a767a9000 rw-p 00000000 00:00 0 
7f5a767a9000-7f5a767aa000 r--p 00000000 103:04 528294                    /usr/lib/x86_64-linux-gnu/libdl-2.31.so
7f5a767aa000-7f5a767ac000 r-xp 00001000 103:04 528294                    /usr/lib/x86_64-linux-gnu/libdl-2.31.so
7f5a767ac000-7f5a767ad000 r--p 00003000 103:04 528294                    /usr/lib/x86_64-linux-gnu/libdl-2.31.so
7f5a767ad000-7f5a767ae000 r--p 00003000 103:04 528294                    /usr/lib/x86_64-linux-gnu/libdl-2.31.so
7f5a767ae000-7f5a767af000 rw-p 00004000 103:04 528294                    /usr/lib/x86_64-linux-gnu/libdl-2.31.so
7f5a767af000-7f5a767b5000 r--p 00000000 103:04 528306                    /usr/lib/x86_64-linux-gnu/libpthread-2.31.so
7f5a767b5000-7f5a767c6000 r-xp 00006000 103:04 528306                    /usr/lib/x86_64-linux-gnu/libpthread-2.31.so
7f5a767c6000-7f5a767cc000 r--p 00017000 103:04 528306                    /usr/lib/x86_64-linux-gnu/libpthread-2.31.so
7f5a767cc000-7f5a767cd000 r--p 0001c000 103:04 528306                    /usr/lib/x86_64-linux-gnu/libpthread-2.31.so
7f5a767cd000-7f5a767ce000 rw-p 0001d000 103:04 528306                    /usr/lib/x86_64-linux-gnu/libpthread-2.31.so
7f5a767ce000-7f5a767d2000 rw-p 00000000 00:00 0 
7f5a767d2000-7f5a767e0000 r-xp 00000000 07:08 414                        /snap/intellij-idea-ultimate/398/jbr/lib/libjli.so
7f5a767e0000-7f5a769e0000 ---p 0000e000 07:08 414                        /snap/intellij-idea-ultimate/398/jbr/lib/libjli.so
7f5a769e0000-7f5a769e1000 r--p 0000e000 07:08 414                        /snap/intellij-idea-ultimate/398/jbr/lib/libjli.so
7f5a769e1000-7f5a769e2000 rw-p 0000f000 07:08 414                        /snap/intellij-idea-ultimate/398/jbr/lib/libjli.so
7f5a769e2000-7f5a769e4000 r--p 00000000 103:04 528312                    /usr/lib/x86_64-linux-gnu/libz.so.1.2.11
7f5a769e4000-7f5a769f5000 r-xp 00002000 103:04 528312                    /usr/lib/x86_64-linux-gnu/libz.so.1.2.11
7f5a769f5000-7f5a769fb000 r--p 00013000 103:04 528312                    /usr/lib/x86_64-linux-gnu/libz.so.1.2.11
7f5a769fb000-7f5a769fc000 ---p 00019000 103:04 528312                    /usr/lib/x86_64-linux-gnu/libz.so.1.2.11
7f5a769fc000-7f5a769fd000 r--p 00019000 103:04 528312                    /usr/lib/x86_64-linux-gnu/libz.so.1.2.11
7f5a769fd000-7f5a769fe000 rw-p 0001a000 103:04 528312                    /usr/lib/x86_64-linux-gnu/libz.so.1.2.11
7f5a76a02000-7f5a76a0a000 rw-s 00000000 103:04 1452188                   /tmp/hsperfdata_andrew/58596
7f5a76a0a000-7f5a76a0d000 r--p 00000000 103:04 528301                    /usr/lib/x86_64-linux-gnu/libnss_files-2.31.so
7f5a76a0d000-7f5a76a14000 r-xp 00003000 103:04 528301                    /usr/lib/x86_64-linux-gnu/libnss_files-2.31.so
7f5a76a14000-7f5a76a16000 r--p 0000a000 103:04 528301                    /usr/lib/x86_64-linux-gnu/libnss_files-2.31.so
7f5a76a16000-7f5a76a17000 r--p 0000b000 103:04 528301                    /usr/lib/x86_64-linux-gnu/libnss_files-2.31.so
7f5a76a17000-7f5a76a18000 rw-p 0000c000 103:04 528301                    /usr/lib/x86_64-linux-gnu/libnss_files-2.31.so
7f5a76a18000-7f5a76a1e000 rw-p 00000000 00:00 0 
7f5a76a1e000-7f5a76a1f000 ---p 00000000 00:00 0 
7f5a76a1f000-7f5a76a20000 r--p 00000000 00:00 0 
7f5a76a20000-7f5a76a22000 rw-p 00000000 00:00 0 
7f5a76a22000-7f5a76a23000 r--p 00000000 103:04 528289                    /usr/lib/x86_64-linux-gnu/ld-2.31.so
7f5a76a23000-7f5a76a46000 r-xp 00001000 103:04 528289                    /usr/lib/x86_64-linux-gnu/ld-2.31.so
7f5a76a46000-7f5a76a4e000 r--p 00024000 103:04 528289                    /usr/lib/x86_64-linux-gnu/ld-2.31.so
7f5a76a4e000-7f5a76a4f000 ---p 00000000 00:00 0 
7f5a76a4f000-7f5a76a50000 r--p 0002c000 103:04 528289                    /usr/lib/x86_64-linux-gnu/ld-2.31.so
7f5a76a50000-7f5a76a51000 rw-p 0002d000 103:04 528289                    /usr/lib/x86_64-linux-gnu/ld-2.31.so
7f5a76a51000-7f5a76a52000 rw-p 00000000 00:00 0 
7fff729c3000-7fff729e4000 rw-p 00000000 00:00 0                          [stack]
7fff729e9000-7fff729ed000 r--p 00000000 00:00 0                          [vvar]
7fff729ed000-7fff729ef000 r-xp 00000000 00:00 0                          [vdso]
ffffffffff600000-ffffffffff601000 --xp 00000000 00:00 0                  [vsyscall]


VM Arguments:
java_command: git4idea.http.GitAskPassApp Username for 'https://github.com': 
java_class_path (initial): /snap/intellij-idea-ultimate/398/plugins/vcs-git/lib/git4idea-rt.jar:/snap/intellij-idea-ultimate/398/lib/externalProcess-rt.jar:/snap/intellij-idea-ultimate/398/lib/app.jar:/snap/intellij-idea-ultimate/398/lib/3rd-party-rt.jar
Launcher Type: SUN_STANDARD

[Global flags]
     intx CICompilerCount                          = 4                                         {product} {ergonomic}
     uint ConcGCThreads                            = 2                                         {product} {ergonomic}
     uint G1ConcRefinementThreads                  = 8                                         {product} {ergonomic}
   size_t G1HeapRegionSize                         = 1048576                                   {product} {ergonomic}
    uintx GCDrainStackTargetSize                   = 64                                        {product} {ergonomic}
   size_t InitialHeapSize                          = 125829120                                 {product} {ergonomic}
   size_t MarkStackSize                            = 4194304                                   {product} {ergonomic}
   size_t MaxHeapSize                              = 2004877312                                {product} {ergonomic}
   size_t MaxNewSize                               = 1202716672                                {product} {ergonomic}
   size_t MinHeapDeltaBytes                        = 1048576                                   {product} {ergonomic}
   size_t MinHeapSize                              = 8388608                                   {product} {ergonomic}
    uintx NonNMethodCodeHeapSize                   = 5839372                                {pd product} {ergonomic}
    uintx NonProfiledCodeHeapSize                  = 122909434                              {pd product} {ergonomic}
    uintx ProfiledCodeHeapSize                     = 122909434                              {pd product} {ergonomic}
    uintx ReservedCodeCacheSize                    = 251658240                              {pd product} {ergonomic}
     bool SegmentedCodeCache                       = true                                      {product} {ergonomic}
   size_t SoftMaxHeapSize                          = 2004877312                             {manageable} {ergonomic}
     bool UseCompressedClassPointers               = true                           {product lp64_product} {ergonomic}
     bool UseCompressedOops                        = true                           {product lp64_product} {ergonomic}
     bool UseG1GC                                  = true                                      {product} {ergonomic}

Logging:
Log output configuration:
 #0: stdout all=warning uptime,level,tags
 #1: stderr all=off uptime,level,tags

Environment Variables:
PATH=/usr/lib/git-core:/home/andrew/.local/bin:/usr/local/sbin:/usr/local/bin:/usr/sbin:/usr/bin:/sbin:/bin:/usr/games:/usr/local/games:/snap/bin
SHELL=/usr/bin/zsh
DISPLAY=:0
LANG=fr_FR.UTF-8
LC_ALL=en_US.UTF-8

Signal Handlers:
   SIGSEGV: crash_handler in libjvm.so, mask=11100100010111111101111111111110, flags=SA_RESTART|SA_SIGINFO
    SIGBUS: crash_handler in libjvm.so, mask=11100100010111111101111111111110, flags=SA_RESTART|SA_SIGINFO
    SIGFPE: crash_handler in libjvm.so, mask=11100100010111111101111111111110, flags=SA_RESTART|SA_SIGINFO
   SIGPIPE: javaSignalHandler in libjvm.so, mask=11100100010111111101111111111110, flags=SA_RESTART|SA_SIGINFO
   SIGXFSZ: javaSignalHandler in libjvm.so, mask=11100100010111111101111111111110, flags=SA_RESTART|SA_SIGINFO
    SIGILL: crash_handler in libjvm.so, mask=11100100010111111101111111111110, flags=SA_RESTART|SA_SIGINFO
   SIGUSR2: SR_handler in libjvm.so, mask=00100000000000000000000000000000, flags=SA_RESTART|SA_SIGINFO
    SIGHUP: UserHandler in libjvm.so, mask=11100100010111111101111111111110, flags=SA_RESTART|SA_SIGINFO
    SIGINT: UserHandler in libjvm.so, mask=11100100010111111101111111111110, flags=SA_RESTART|SA_SIGINFO
   SIGTERM: UserHandler in libjvm.so, mask=11100100010111111101111111111110, flags=SA_RESTART|SA_SIGINFO
   SIGQUIT: UserHandler in libjvm.so, mask=11100100010111111101111111111110, flags=SA_RESTART|SA_SIGINFO
  *** Handler was modified!
  *** Expected: javaSignalHandler in libjvm.so, mask=11100100110111111111111111111110, flags=SA_RESTART|SA_SIGINFO
   SIGTRAP: crash_handler in libjvm.so, mask=11100100010111111101111111111110, flags=SA_RESTART|SA_SIGINFO


---------------  S Y S T E M  ---------------

OS:
DISTRIB_ID=LinuxMint
DISTRIB_RELEASE=20.3
DISTRIB_CODENAME=una
DISTRIB_DESCRIPTION="Linux Mint 20.3 Una"
uname: Linux 6.0.1-060001-generic #202210120833 SMP PREEMPT_DYNAMIC Wed Oct 12 08:37:06 UTC 2022 x86_64
OS uptime: 0 days 2:11 hours
libc: glibc 2.31 NPTL 2.31 
rlimit (soft/hard): STACK 8192k/infinity , CORE 0k/infinity , NPROC 30036/30036 , NOFILE 1048576/1048576 , AS infinity/infinity , CPU infinity/infinity , DATA infinity/infinity , FSIZE infinity/infinity , MEMLOCK 65536k/65536k
load average: 1.66 1.78 1.70

/proc/meminfo:
MemTotal:        7828044 kB
MemFree:          772368 kB
MemAvailable:    2774952 kB
Buffers:          115004 kB
Cached:          2375168 kB
SwapCached:        77184 kB
Active:          2789408 kB
Inactive:        3682520 kB
Active(anon):    1180468 kB
Inactive(anon):  3169012 kB
Active(file):    1608940 kB
Inactive(file):   513508 kB
Unevictable:       60044 kB
Mlocked:              64 kB
SwapTotal:       2097148 kB
SwapFree:         621052 kB
Zswap:                 0 kB
Zswapped:              0 kB
Dirty:             11788 kB
Writeback:             0 kB
AnonPages:       4025332 kB
Mapped:           468308 kB
Shmem:            368220 kB
KReclaimable:     192528 kB
Slab:             342676 kB
SReclaimable:     192528 kB
SUnreclaim:       150148 kB
KernelStack:       16168 kB
PageTables:        47744 kB
NFS_Unstable:          0 kB
Bounce:                0 kB
WritebackTmp:          0 kB
CommitLimit:     6011168 kB
Committed_AS:   10740128 kB
VmallocTotal:   34359738367 kB
VmallocUsed:       60352 kB
VmallocChunk:          0 kB
Percpu:             7072 kB
HardwareCorrupted:     0 kB
AnonHugePages:         0 kB
ShmemHugePages:   139264 kB
ShmemPmdMapped:        0 kB
FileHugePages:         0 kB
FilePmdMapped:         0 kB
HugePages_Total:       0
HugePages_Free:        0
HugePages_Rsvd:        0
HugePages_Surp:        0
Hugepagesize:       2048 kB
Hugetlb:               0 kB
DirectMap4k:      217780 kB
DirectMap2M:     3665920 kB
DirectMap1G:     4194304 kB

/sys/kernel/mm/transparent_hugepage/enabled: always [madvise] never
/sys/kernel/mm/transparent_hugepage/defrag (defrag/compaction efforts parameter): always defer defer+madvise [madvise] never

Process Memory:
Virtual Size: 4692256K (peak: 4749244K)
Resident Set Size: 37864K (peak: 37864K) (anon: 15716K, file: 22148K, shmem: 0K)
Swapped out: 0K
C-Heap outstanding allocations: 25499K, retained: 2048K
glibc malloc tunables: (default)

/proc/sys/kernel/threads-max (system-wide limit on the number of threads): 60072
/proc/sys/vm/max_map_count (maximum number of memory map areas a process may have): 65530
/proc/sys/kernel/pid_max (system-wide limit on number of process identifiers): 4194304

container (cgroup) information:
container_type: cgroupv1
cpu_cpuset_cpus: 0-7
cpu_memory_nodes: 0
active_processor_count: 8
cpu_quota: no quota
cpu_period: 100000
cpu_shares: no shares
memory_limit_in_bytes: unlimited
memory_and_swap_limit_in_bytes: unlimited
memory_soft_limit_in_bytes: unlimited
memory_usage_in_bytes: 4080752 k
memory_max_usage_in_bytes: 5241012 k
maximum number of tasks: unlimited
current number of tasks: 382

Steal ticks since vm start: 0
Steal ticks percentage since vm start:  0.000

CPU: total 8 (initial active 8) (4 cores per cpu, 2 threads per core) family 6 model 140 stepping 1 microcode 0xa4, cx8, cmov, fxsr, ht, mmx, 3dnowpref, sse, sse2, sse3, ssse3, sse4.1, sse4.2, popcnt, lzcnt, tsc, tscinvbit, avx, avx2, aes, erms, clmul, bmi1, bmi2, adx, avx512f, avx512dq, avx512cd, avx512bw, avx512vl, sha, fma, vzeroupper, avx512_vpopcntdq, avx512_vpclmulqdq, avx512_vaes, avx512_vnni, clflush, clflushopt, clwb, avx512_vbmi2, avx512_vbmi
CPU Model and flags from /proc/cpuinfo:
model name	: 11th Gen Intel(R) Core(TM) i5-1135G7 @ 2.40GHz
flags		: fpu vme de pse tsc msr pae mce cx8 apic sep mtrr pge mca cmov pat pse36 clflush dts acpi mmx fxsr sse sse2 ss ht tm pbe syscall nx pdpe1gb rdtscp lm constant_tsc art arch_perfmon pebs bts rep_good nopl xtopology nonstop_tsc cpuid aperfmperf tsc_known_freq pni pclmulqdq dtes64 monitor ds_cpl vmx est tm2 ssse3 sdbg fma cx16 xtpr pdcm pcid sse4_1 sse4_2 x2apic movbe popcnt tsc_deadline_timer aes xsave avx f16c rdrand lahf_lm abm 3dnowprefetch cpuid_fault epb cat_l2 invpcid_single cdp_l2 ssbd ibrs ibpb stibp ibrs_enhanced tpr_shadow vnmi flexpriority ept vpid ept_ad fsgsbase tsc_adjust bmi1 avx2 smep bmi2 erms invpcid rdt_a avx512f avx512dq rdseed adx smap avx512ifma clflushopt clwb intel_pt avx512cd sha_ni avx512bw avx512vl xsaveopt xsavec xgetbv1 xsaves split_lock_detect dtherm ida arat pln pts hwp hwp_notify hwp_act_window hwp_epp hwp_pkg_req avx512vbmi umip pku ospke avx512_vbmi2 gfni vaes vpclmulqdq avx512_vnni avx512_bitalg avx512_vpopcntdq rdpid movdiri movdir64b fsrm avx512_vp2intersect md_clear ibt flush_l1d arch_capabilities

Online cpus: 0-7
Offline cpus: 
BIOS frequency limitation: <Not Available>
Frequency switch latency (ns): 0
Available cpu frequencies: <Not Available>
Current governor: powersave
Core performance/turbo boost: <Not Available>

Memory: 4k page, physical 7828044k(772368k free), swap 2097148k(621052k free)
Page Sizes: 4k

vm_info: OpenJDK 64-Bit Server VM (17.0.5+1-b653.14) for linux-amd64 JRE (17.0.5+1-b653.14), built on 2022-11-10 by "builduser" with gcc 8.3.1 20190311 (Red Hat 8.3.1-3)

END.
